[01:29:24.809] Global cache location '/home/marcos/.cache/typescript/4.6', safe file path '/home/marcos/.nvm/versions/node/v17.7.1/lib/node_modules/typescript/lib/typingSafeList.json', types map path /home/marcos/.nvm/versions/node/v17.7.1/lib/node_modules/typescript/lib/typesMap.json
[01:29:24.809] Processing cache location '/home/marcos/.cache/typescript/4.6'
[01:29:24.810] Trying to find '/home/marcos/.cache/typescript/4.6/package.json'...
[01:29:24.825] Loaded content of '/home/marcos/.cache/typescript/4.6/package.json': {"private":true,"dependencies":{"types-registry":"^0.1.585"},"devDependencies":{"@types/node":"^17.0.21","@types/react":"^17.0.43","@types/react-dom":"^17.0.14","@types/testing-library__jest-dom":"^5.14.3"}}
[01:29:24.825] Loaded content of '/home/marcos/.cache/typescript/4.6/package-lock.json'
[01:29:24.842] Adding entry into typings cache: 'node' => '/home/marcos/.cache/typescript/4.6/node_modules/@types/node/index.d.ts'
[01:29:24.865] Adding entry into typings cache: 'react' => '/home/marcos/.cache/typescript/4.6/node_modules/@types/react/index.d.ts'
[01:29:24.878] Adding entry into typings cache: 'react-dom' => '/home/marcos/.cache/typescript/4.6/node_modules/@types/react-dom/index.d.ts'
[01:29:24.887] Adding entry into typings cache: 'testing-library__jest-dom' => '/home/marcos/.cache/typescript/4.6/node_modules/@types/testing-library__jest-dom/index.d.ts'
[01:29:24.887] Finished processing cache location '/home/marcos/.cache/typescript/4.6'
[01:29:24.887] Process id: 876813
[01:29:24.887] NPM location: /home/marcos/.nvm/versions/node/v17.7.1/bin/npm (explicit '--npmLocation' not  provided)
[01:29:24.887] validateDefaultNpmLocation: false
[01:29:24.888] Npm config file: /home/marcos/.cache/typescript/4.6/package.json
[01:29:24.888] Updating types-registry npm package...
[01:29:24.888] Exec: /home/marcos/.nvm/versions/node/v17.7.1/bin/npm install --ignore-scripts types-registry@latest
[01:29:27.772]     Succeeded. stdout:
    
    up to date, audited 24 packages in 3s

3 packages are looking for funding
  run `npm fund` for details

found 0 vulnerabilities

[01:29:27.772] Updated types-registry npm package
[01:29:27.843] Got install request {"projectName":"/home/marcos/workspace/Gauss/gaussjs/jsconfig.json","fileNames":["/home/marcos/.nvm/versions/node/v17.7.1/lib/node_modules/typescript/lib/lib.d.ts","/home/marcos/.nvm/versions/node/v17.7.1/lib/node_modules/typescript/lib/lib.es5.d.ts","/home/marcos/.nvm/versions/node/v17.7.1/lib/node_modules/typescript/lib/lib.dom.d.ts","/home/marcos/.nvm/versions/node/v17.7.1/lib/node_modules/typescript/lib/lib.webworker.importscripts.d.ts","/home/marcos/.nvm/versions/node/v17.7.1/lib/node_modules/typescript/lib/lib.scripthost.d.ts","/home/marcos/workspace/Gauss/gaussjs/gauss.js","/home/marcos/workspace/Gauss/gaussjs/gaussjs.js","/home/marcos/workspace/Gauss/gaussjs/docs/scripts/fix-code-block.js","/home/marcos/workspace/Gauss/gaussjs/docs/scripts/fix-navbar.js","/home/marcos/workspace/Gauss/gaussjs/docs/scripts/linenumber.js","/home/marcos/workspace/Gauss/gaussjs/docs/scripts/misc.js","/home/marcos/workspace/Gauss/gaussjs/docs/scripts/resize.js","/home/marcos/workspace/Gauss/gaussjs/docs/scripts/search.js","/home/marcos/workspace/Gauss/gaussjs/docs/scripts/prettify/lang-css.js","/home/marcos/workspace/Gauss/gaussjs/docs/scripts/prettify/prettify.js","/home/marcos/workspace/Gauss/gaussjs/docs/scripts/third-party/fuse.js","/home/marcos/workspace/Gauss/gaussjs/docs/scripts/third-party/lang-css.js","/home/marcos/workspace/Gauss/gaussjs/docs/scripts/third-party/prettify.js"],"compilerOptions":{"allowJs":true,"maxNodeModuleJsDepth":2,"allowSyntheticDefaultImports":true,"skipLibCheck":true,"noEmit":true,"baseUrl":"/home/marcos/workspace/Gauss/gaussjs","paths":{},"pathsBasePath":"/home/marcos/workspace/Gauss/gaussjs","configFilePath":"/home/marcos/workspace/Gauss/gaussjs/jsconfig.json","allowNonTsExtensions":true},"typeAcquisition":{"enable":true,"include":[],"exclude":[]},"unresolvedImports":[],"projectRootPath":"/home/marcos/workspace/Gauss/gaussjs","kind":"discover"}
[01:29:27.851] Loaded safelist from types map file '/home/marcos/.nvm/versions/node/v17.7.1/lib/node_modules/typescript/lib/typesMap.json'
[01:29:27.851] Explicitly included types: []
[01:29:27.852] Typing names in '/home/marcos/workspace/Gauss/gaussjs/package.json' dependencies: ["clean-jsdoc-theme","jsdoc"]
[01:29:27.852] Searching for typing names in /home/marcos/workspace/Gauss/gaussjs/node_modules; all files: ["/home/marcos/workspace/Gauss/gaussjs/node_modules/clean-jsdoc-theme/package.json","/home/marcos/workspace/Gauss/gaussjs/node_modules/jsdoc/package.json"]
[01:29:27.854]     Found package names: ["clean-jsdoc-theme","jsdoc"]
[01:29:27.855] Inferred typings from file names: ["fuse"]
[01:29:27.855] Inferred typings from unresolved imports: []
[01:29:27.855] Result: {"cachedTypingPaths":[],"newTypingNames":["clean-jsdoc-theme","jsdoc","fuse"],"filesToWatch":["/home/marcos/workspace/Gauss/gaussjs/bower_components","/home/marcos/workspace/Gauss/gaussjs/package.json","/home/marcos/workspace/Gauss/gaussjs/node_modules","/home/marcos/workspace/Gauss/gaussjs/docs/scripts/bower_components","/home/marcos/workspace/Gauss/gaussjs/docs/scripts/node_modules","/home/marcos/workspace/Gauss/gaussjs/docs/scripts/prettify/bower_components","/home/marcos/workspace/Gauss/gaussjs/docs/scripts/prettify/node_modules","/home/marcos/workspace/Gauss/gaussjs/docs/scripts/third-party/bower_components","/home/marcos/workspace/Gauss/gaussjs/docs/scripts/third-party/node_modules"]}
[01:29:27.855] Finished typings discovery: {"cachedTypingPaths":[],"newTypingNames":["clean-jsdoc-theme","jsdoc","fuse"],"filesToWatch":["/home/marcos/workspace/Gauss/gaussjs/bower_components","/home/marcos/workspace/Gauss/gaussjs/package.json","/home/marcos/workspace/Gauss/gaussjs/node_modules","/home/marcos/workspace/Gauss/gaussjs/docs/scripts/bower_components","/home/marcos/workspace/Gauss/gaussjs/docs/scripts/node_modules","/home/marcos/workspace/Gauss/gaussjs/docs/scripts/prettify/bower_components","/home/marcos/workspace/Gauss/gaussjs/docs/scripts/prettify/node_modules","/home/marcos/workspace/Gauss/gaussjs/docs/scripts/third-party/bower_components","/home/marcos/workspace/Gauss/gaussjs/docs/scripts/third-party/node_modules"]}
[01:29:27.856] DirectoryWatcher:: Added:: WatchInfo: /home/marcos/workspace/Gauss/gaussjs/bower_components
[01:29:27.856] DirectoryWatcher:: Added:: WatchInfo: /home/marcos/workspace/Gauss/gaussjs/bower_components 1 undefined Project: /home/marcos/workspace/Gauss/gaussjs/jsconfig.json watcher already invoked: false
[01:29:27.857] Elapsed:: 0.8376339673995972ms DirectoryWatcher:: Added:: WatchInfo: /home/marcos/workspace/Gauss/gaussjs/bower_components 1 undefined Project: /home/marcos/workspace/Gauss/gaussjs/jsconfig.json watcher already invoked: false
[01:29:27.857] FileWatcher:: Added:: WatchInfo: /home/marcos/workspace/Gauss/gaussjs/package.json
[01:29:27.857] FileWatcher:: Added:: WatchInfo: /home/marcos/workspace/Gauss/gaussjs/package.json 2000 undefined Project: /home/marcos/workspace/Gauss/gaussjs/jsconfig.json watcher already invoked: false
[01:29:27.857] DirectoryWatcher:: Added:: WatchInfo: /home/marcos/workspace/Gauss/gaussjs/node_modules
[01:29:27.857] DirectoryWatcher:: Added:: WatchInfo: /home/marcos/workspace/Gauss/gaussjs/node_modules 1 undefined Project: /home/marcos/workspace/Gauss/gaussjs/jsconfig.json watcher already invoked: false
[01:29:27.869] Elapsed:: 11.16712200641632ms DirectoryWatcher:: Added:: WatchInfo: /home/marcos/workspace/Gauss/gaussjs/node_modules 1 undefined Project: /home/marcos/workspace/Gauss/gaussjs/jsconfig.json watcher already invoked: false
[01:29:27.869] DirectoryWatcher:: Added:: WatchInfo: /home/marcos/workspace/Gauss/gaussjs/docs
[01:29:27.869] DirectoryWatcher:: Added:: WatchInfo: /home/marcos/workspace/Gauss/gaussjs/docs 1 undefined Project: /home/marcos/workspace/Gauss/gaussjs/jsconfig.json watcher already invoked: false
[01:29:27.869] Elapsed:: 0.4106699824333191ms DirectoryWatcher:: Added:: WatchInfo: /home/marcos/workspace/Gauss/gaussjs/docs 1 undefined Project: /home/marcos/workspace/Gauss/gaussjs/jsconfig.json watcher already invoked: false
[01:29:27.869] Installing typings ["clean-jsdoc-theme","jsdoc","fuse"]
[01:29:27.870] 'clean-jsdoc-theme':: Entry for package 'clean-jsdoc-theme' does not exist in local types registry - skipping...
[01:29:27.870] 'jsdoc':: Entry for package 'jsdoc' does not exist in local types registry - skipping...
[01:29:27.870] 'fuse':: Entry for package 'fuse' does not exist in local types registry - skipping...
[01:29:27.870] All typings are known to be missing or invalid - no need to install more typings
[01:29:27.870] Sending response:
    {"projectName":"/home/marcos/workspace/Gauss/gaussjs/jsconfig.json","typeAcquisition":{"enable":true,"include":[],"exclude":[]},"compilerOptions":{"allowJs":true,"maxNodeModuleJsDepth":2,"allowSyntheticDefaultImports":true,"skipLibCheck":true,"noEmit":true,"baseUrl":"/home/marcos/workspace/Gauss/gaussjs","paths":{},"pathsBasePath":"/home/marcos/workspace/Gauss/gaussjs","configFilePath":"/home/marcos/workspace/Gauss/gaussjs/jsconfig.json","allowNonTsExtensions":true},"typings":[],"unresolvedImports":[],"kind":"action::set"}
[01:29:27.871] Response has been sent.
