Info 0    [01:29:24.602] Starting TS Server
Info 1    [01:29:24.603] Version: 4.6.3
Info 2    [01:29:24.603] Arguments: /home/marcos/.nvm/versions/node/v17.7.1/bin/node /home/marcos/.nvm/versions/node/v17.7.1/lib/node_modules/typescript/lib/tsserver.js --logFile /home/marcos/workspace/Gauss/.log/tsserver.log --logVerbosity info --cancellationPipeName /tmp/89e25096381ef3755301856db9137173/tscancellation*
Info 3    [01:29:24.603] Platform: linux NodeVersion: 17 CaseSensitive: true
Info 4    [01:29:24.603] ServerMode: undefined syntaxOnly: false hasUnknownServerMode: undefined
Info 5    [01:29:24.614] Format host information updated
Info 6    [01:29:24.620] Search path: /home/marcos/workspace/Gauss/gaussjs
Info 7    [01:29:24.621] For info: /home/marcos/workspace/Gauss/gaussjs/gauss.js :: Config file name: /home/marcos/workspace/Gauss/gaussjs/jsconfig.json
Info 8    [01:29:24.621] Creating configuration project /home/marcos/workspace/Gauss/gaussjs/jsconfig.json
Info 9    [01:29:24.639] Config: /home/marcos/workspace/Gauss/gaussjs/jsconfig.json : {
 "rootNames": [
  "/home/marcos/workspace/Gauss/gaussjs/gauss.js",
  "/home/marcos/workspace/Gauss/gaussjs/gaussjs.js",
  "/home/marcos/workspace/Gauss/gaussjs/docs/scripts/fix-code-block.js",
  "/home/marcos/workspace/Gauss/gaussjs/docs/scripts/fix-navbar.js",
  "/home/marcos/workspace/Gauss/gaussjs/docs/scripts/linenumber.js",
  "/home/marcos/workspace/Gauss/gaussjs/docs/scripts/misc.js",
  "/home/marcos/workspace/Gauss/gaussjs/docs/scripts/resize.js",
  "/home/marcos/workspace/Gauss/gaussjs/docs/scripts/search.js",
  "/home/marcos/workspace/Gauss/gaussjs/docs/scripts/prettify/lang-css.js",
  "/home/marcos/workspace/Gauss/gaussjs/docs/scripts/prettify/prettify.js",
  "/home/marcos/workspace/Gauss/gaussjs/docs/scripts/third-party/fuse.js",
  "/home/marcos/workspace/Gauss/gaussjs/docs/scripts/third-party/lang-css.js",
  "/home/marcos/workspace/Gauss/gaussjs/docs/scripts/third-party/prettify.js"
 ],
 "options": {
  "allowJs": true,
  "maxNodeModuleJsDepth": 2,
  "allowSyntheticDefaultImports": true,
  "skipLibCheck": true,
  "noEmit": true,
  "baseUrl": "/home/marcos/workspace/Gauss/gaussjs",
  "paths": {},
  "pathsBasePath": "/home/marcos/workspace/Gauss/gaussjs",
  "configFilePath": "/home/marcos/workspace/Gauss/gaussjs/jsconfig.json"
 }
}
Info 10   [01:29:24.665] Starting updateGraphWorker: Project: /home/marcos/workspace/Gauss/gaussjs/jsconfig.json
Info 11   [01:29:26.096] Finishing updateGraphWorker: Project: /home/marcos/workspace/Gauss/gaussjs/jsconfig.json Version: 1 structureChanged: true structureIsReused:: Not Elapsed: 1430.6548550128937ms
Info 12   [01:29:26.096] Project '/home/marcos/workspace/Gauss/gaussjs/jsconfig.json' (Configured)
Info 13   [01:29:26.096] 	Files (128)

Info 14   [01:29:26.096] -----------------------------------------------
Info 15   [01:29:26.100] AutoImportProviderProject: found 1 root files in 1 dependencies in 2.294384002685547 ms
Info 16   [01:29:26.101] Starting updateGraphWorker: Project: /dev/null/autoImportProviderProject1*
Info 17   [01:29:26.300] Finishing updateGraphWorker: Project: /dev/null/autoImportProviderProject1* Version: 1 structureChanged: true structureIsReused:: Not Elapsed: 198.76739597320557ms
Info 18   [01:29:26.300] Project '/dev/null/autoImportProviderProject1*' (AutoImportProvider)
Info 19   [01:29:26.300] 	Files (15)

Info 20   [01:29:26.300] -----------------------------------------------
Info 21   [01:30:17.743] Search path: /home/marcos/workspace/Gauss/gaussjs
Info 22   [01:30:17.743] For info: /home/marcos/workspace/Gauss/gaussjs/gauss.js :: Config file name: /home/marcos/workspace/Gauss/gaussjs/jsconfig.json
Info 23   [01:30:26.956] Format host information updated
Info 24   [01:30:28.539] Starting updateGraphWorker: Project: /home/marcos/workspace/Gauss/gaussjs/jsconfig.json
Info 25   [01:30:28.565] Finishing updateGraphWorker: Project: /home/marcos/workspace/Gauss/gaussjs/jsconfig.json Version: 2 structureChanged: false structureIsReused:: Completely Elapsed: 26.36591500043869ms
Info 26   [01:30:28.565] Different program with same set of files
Info 27   [01:30:30.611] DirectoryWatcher:: Triggered with /home/marcos/workspace/Gauss/gaussjs/.#gauss.js :: WatchInfo: /home/marcos/workspace/Gauss/gaussjs 0 undefined Project: /home/marcos/workspace/Gauss/gaussjs/jsconfig.json WatchType: Failed Lookup Locations
Info 28   [01:30:30.611] Elapsed:: 0.23029398918151855ms DirectoryWatcher:: Triggered with /home/marcos/workspace/Gauss/gaussjs/.#gauss.js :: WatchInfo: /home/marcos/workspace/Gauss/gaussjs 0 undefined Project: /home/marcos/workspace/Gauss/gaussjs/jsconfig.json WatchType: Failed Lookup Locations
Info 29   [01:30:30.612] DirectoryWatcher:: Triggered with /home/marcos/workspace/Gauss/gaussjs/.#gauss.js :: WatchInfo: /home/marcos/workspace/Gauss/gaussjs 0 undefined Project: /dev/null/autoImportProviderProject1* WatchType: Failed Lookup Locations
Info 30   [01:30:30.612] Elapsed:: 0.012524008750915527ms DirectoryWatcher:: Triggered with /home/marcos/workspace/Gauss/gaussjs/.#gauss.js :: WatchInfo: /home/marcos/workspace/Gauss/gaussjs 0 undefined Project: /dev/null/autoImportProviderProject1* WatchType: Failed Lookup Locations
Info 31   [01:30:30.644] DirectoryWatcher:: Triggered with /home/marcos/workspace/Gauss/gaussjs/.#gauss.js :: WatchInfo: /home/marcos/workspace/Gauss/gaussjs 0 undefined Project: /home/marcos/workspace/Gauss/gaussjs/jsconfig.json WatchType: Failed Lookup Locations
Info 32   [01:30:30.644] Elapsed:: 0.08826500177383423ms DirectoryWatcher:: Triggered with /home/marcos/workspace/Gauss/gaussjs/.#gauss.js :: WatchInfo: /home/marcos/workspace/Gauss/gaussjs 0 undefined Project: /home/marcos/workspace/Gauss/gaussjs/jsconfig.json WatchType: Failed Lookup Locations
Info 33   [01:30:30.644] DirectoryWatcher:: Triggered with /home/marcos/workspace/Gauss/gaussjs/.#gauss.js :: WatchInfo: /home/marcos/workspace/Gauss/gaussjs 0 undefined Project: /dev/null/autoImportProviderProject1* WatchType: Failed Lookup Locations
Info 34   [01:30:30.644] Elapsed:: 0.01371699571609497ms DirectoryWatcher:: Triggered with /home/marcos/workspace/Gauss/gaussjs/.#gauss.js :: WatchInfo: /home/marcos/workspace/Gauss/gaussjs 0 undefined Project: /dev/null/autoImportProviderProject1* WatchType: Failed Lookup Locations
Info 35   [01:31:07.346] DirectoryWatcher:: Triggered with /home/marcos/workspace/Gauss/gaussjs/.#gauss.js :: WatchInfo: /home/marcos/workspace/Gauss/gaussjs 0 undefined Project: /home/marcos/workspace/Gauss/gaussjs/jsconfig.json WatchType: Failed Lookup Locations
Info 36   [01:31:07.347] Elapsed:: 0.08367598056793213ms DirectoryWatcher:: Triggered with /home/marcos/workspace/Gauss/gaussjs/.#gauss.js :: WatchInfo: /home/marcos/workspace/Gauss/gaussjs 0 undefined Project: /home/marcos/workspace/Gauss/gaussjs/jsconfig.json WatchType: Failed Lookup Locations
Info 37   [01:31:07.347] DirectoryWatcher:: Triggered with /home/marcos/workspace/Gauss/gaussjs/.#gauss.js :: WatchInfo: /home/marcos/workspace/Gauss/gaussjs 0 undefined Project: /dev/null/autoImportProviderProject1* WatchType: Failed Lookup Locations
Info 38   [01:31:07.347] Elapsed:: 0.007674992084503174ms DirectoryWatcher:: Triggered with /home/marcos/workspace/Gauss/gaussjs/.#gauss.js :: WatchInfo: /home/marcos/workspace/Gauss/gaussjs 0 undefined Project: /dev/null/autoImportProviderProject1* WatchType: Failed Lookup Locations
Info 39   [01:31:07.357] Starting updateGraphWorker: Project: /home/marcos/workspace/Gauss/gaussjs/jsconfig.json
Info 40   [01:31:07.377] Finishing updateGraphWorker: Project: /home/marcos/workspace/Gauss/gaussjs/jsconfig.json Version: 3 structureChanged: false structureIsReused:: Completely Elapsed: 19.48716801404953ms
Info 41   [01:31:07.377] Different program with same set of files
Info 42   [01:31:07.526] Starting updateGraphWorker: Project: /home/marcos/workspace/Gauss/gaussjs/jsconfig.json
Info 43   [01:31:07.536] Finishing updateGraphWorker: Project: /home/marcos/workspace/Gauss/gaussjs/jsconfig.json Version: 4 structureChanged: false structureIsReused:: Completely Elapsed: 9.931376993656158ms
Info 44   [01:31:07.536] Different program with same set of files
Info 45   [01:31:07.796] Starting updateGraphWorker: Project: /home/marcos/workspace/Gauss/gaussjs/jsconfig.json
Info 46   [01:31:07.810] Finishing updateGraphWorker: Project: /home/marcos/workspace/Gauss/gaussjs/jsconfig.json Version: 5 structureChanged: false structureIsReused:: Completely Elapsed: 13.891407012939453ms
Info 47   [01:31:07.810] Different program with same set of files
Info 48   [01:31:07.874] getCompletionData: Get current token: 0.013766050338745117
Info 49   [01:31:07.874] getCompletionData: Is inside comment: 0.003278970718383789
Info 50   [01:31:07.874] getCompletionData: Get previous token: 0.050935983657836914
Info 51   [01:31:07.875] getCompletionsAtPosition: isCompletionListBlocker: 0.1780099868774414
Info 52   [01:31:07.878] getExportInfoMap: cache miss or empty; calculating new results
Info 53   [01:31:07.975] forEachExternalModuleToImportFrom autoImportProvider: 18.87990301847458
Info 54   [01:31:07.975] getExportInfoMap: done in 96.80850201845169 ms
Info 55   [01:31:07.986] collectAutoImports: resolved 0 module specifiers, plus 0 ambient and 0 from cache
Info 56   [01:31:07.986] collectAutoImports: response is complete
Info 57   [01:31:07.986] collectAutoImports: 10.604884028434753
Info 58   [01:31:07.986] getCompletionData: Semantic work: 111.1232659816742
Info 59   [01:31:08.012] getCompletionsAtPosition: getCompletionEntriesFromSymbols: 25.314655005931854
Info 60   [01:31:10.701] Starting updateGraphWorker: Project: /home/marcos/workspace/Gauss/gaussjs/jsconfig.json
Info 61   [01:31:10.709] Finishing updateGraphWorker: Project: /home/marcos/workspace/Gauss/gaussjs/jsconfig.json Version: 6 structureChanged: false structureIsReused:: Completely Elapsed: 7.790771007537842ms
Info 62   [01:31:10.709] Different program with same set of files
Info 63   [01:31:11.070] Starting updateGraphWorker: Project: /home/marcos/workspace/Gauss/gaussjs/jsconfig.json
Info 64   [01:31:11.077] Finishing updateGraphWorker: Project: /home/marcos/workspace/Gauss/gaussjs/jsconfig.json Version: 7 structureChanged: false structureIsReused:: Completely Elapsed: 6.360279023647308ms
Info 65   [01:31:11.077] Different program with same set of files
Info 66   [01:31:11.391] Starting updateGraphWorker: Project: /home/marcos/workspace/Gauss/gaussjs/jsconfig.json
Info 67   [01:31:11.397] Finishing updateGraphWorker: Project: /home/marcos/workspace/Gauss/gaussjs/jsconfig.json Version: 8 structureChanged: false structureIsReused:: Completely Elapsed: 5.871549963951111ms
Info 68   [01:31:11.397] Different program with same set of files
Info 69   [01:31:12.227] Starting updateGraphWorker: Project: /home/marcos/workspace/Gauss/gaussjs/jsconfig.json
Info 70   [01:31:12.237] Finishing updateGraphWorker: Project: /home/marcos/workspace/Gauss/gaussjs/jsconfig.json Version: 9 structureChanged: false structureIsReused:: Completely Elapsed: 9.466965019702911ms
Info 71   [01:31:12.237] Different program with same set of files
Info 72   [01:31:13.045] Starting updateGraphWorker: Project: /home/marcos/workspace/Gauss/gaussjs/jsconfig.json
Info 73   [01:31:13.055] Finishing updateGraphWorker: Project: /home/marcos/workspace/Gauss/gaussjs/jsconfig.json Version: 10 structureChanged: false structureIsReused:: Completely Elapsed: 10.165435016155243ms
Info 74   [01:31:13.055] Different program with same set of files
Info 75   [01:31:16.096] DirectoryWatcher:: Triggered with /home/marcos/workspace/Gauss/gaussjs/.#gauss.js :: WatchInfo: /home/marcos/workspace/Gauss/gaussjs 0 undefined Project: /home/marcos/workspace/Gauss/gaussjs/jsconfig.json WatchType: Failed Lookup Locations
Info 76   [01:31:16.096] Elapsed:: 0.0740240216255188ms DirectoryWatcher:: Triggered with /home/marcos/workspace/Gauss/gaussjs/.#gauss.js :: WatchInfo: /home/marcos/workspace/Gauss/gaussjs 0 undefined Project: /home/marcos/workspace/Gauss/gaussjs/jsconfig.json WatchType: Failed Lookup Locations
Info 77   [01:31:16.096] DirectoryWatcher:: Triggered with /home/marcos/workspace/Gauss/gaussjs/.#gauss.js :: WatchInfo: /home/marcos/workspace/Gauss/gaussjs 0 undefined Project: /dev/null/autoImportProviderProject1* WatchType: Failed Lookup Locations
Info 78   [01:31:16.096] Elapsed:: 0.01234203577041626ms DirectoryWatcher:: Triggered with /home/marcos/workspace/Gauss/gaussjs/.#gauss.js :: WatchInfo: /home/marcos/workspace/Gauss/gaussjs 0 undefined Project: /dev/null/autoImportProviderProject1* WatchType: Failed Lookup Locations
Info 79   [01:31:23.621] DirectoryWatcher:: Triggered with /home/marcos/workspace/Gauss/gaussjs/.#gauss.js :: WatchInfo: /home/marcos/workspace/Gauss/gaussjs 0 undefined Project: /home/marcos/workspace/Gauss/gaussjs/jsconfig.json WatchType: Failed Lookup Locations
Info 80   [01:31:23.621] Elapsed:: 0.07262498140335083ms DirectoryWatcher:: Triggered with /home/marcos/workspace/Gauss/gaussjs/.#gauss.js :: WatchInfo: /home/marcos/workspace/Gauss/gaussjs 0 undefined Project: /home/marcos/workspace/Gauss/gaussjs/jsconfig.json WatchType: Failed Lookup Locations
Info 81   [01:31:23.621] DirectoryWatcher:: Triggered with /home/marcos/workspace/Gauss/gaussjs/.#gauss.js :: WatchInfo: /home/marcos/workspace/Gauss/gaussjs 0 undefined Project: /dev/null/autoImportProviderProject1* WatchType: Failed Lookup Locations
Info 82   [01:31:23.621] Elapsed:: 0.008002996444702148ms DirectoryWatcher:: Triggered with /home/marcos/workspace/Gauss/gaussjs/.#gauss.js :: WatchInfo: /home/marcos/workspace/Gauss/gaussjs 0 undefined Project: /dev/null/autoImportProviderProject1* WatchType: Failed Lookup Locations
Info 83   [01:31:23.633] Starting updateGraphWorker: Project: /home/marcos/workspace/Gauss/gaussjs/jsconfig.json
Info 84   [01:31:23.645] Finishing updateGraphWorker: Project: /home/marcos/workspace/Gauss/gaussjs/jsconfig.json Version: 11 structureChanged: false structureIsReused:: Completely Elapsed: 12.258657038211823ms
Info 85   [01:31:23.645] Different program with same set of files
Info 86   [01:31:23.904] Starting updateGraphWorker: Project: /home/marcos/workspace/Gauss/gaussjs/jsconfig.json
Info 87   [01:31:23.911] Finishing updateGraphWorker: Project: /home/marcos/workspace/Gauss/gaussjs/jsconfig.json Version: 12 structureChanged: false structureIsReused:: Completely Elapsed: 7.577491044998169ms
Info 88   [01:31:23.911] Different program with same set of files
Info 89   [01:31:23.912] getCompletionData: Get current token: 0.008221983909606934
Info 90   [01:31:23.912] getCompletionData: Is inside comment: 0.0024529695510864258
Info 91   [01:31:23.912] getCompletionData: Get previous token: 0.04884296655654907
Info 92   [01:31:23.912] getCompletionsAtPosition: isCompletionListBlocker: 0.003291010856628418
Info 93   [01:31:23.917] getExportInfoMap: cache hit
Info 94   [01:31:23.927] collectAutoImports: resolved 1 module specifiers, plus 0 ambient and 0 from cache
Info 95   [01:31:23.927] collectAutoImports: response is complete
Info 96   [01:31:23.927] collectAutoImports: 9.768891036510468
Info 97   [01:31:23.927] getCompletionData: Semantic work: 14.843719959259033
Info 98   [01:31:23.941] getCompletionsAtPosition: getCompletionEntriesFromSymbols: 13.683597981929779
Info 99   [01:31:24.560] getCompletionData: Get current token: 0.016843974590301514
Info 100  [01:31:24.560] getCompletionData: Is inside comment: 0.005046963691711426
Info 101  [01:31:24.560] getCompletionData: Get previous token: 0.05656701326370239
Info 102  [01:31:24.560] getCompletionsAtPosition: isCompletionListBlocker: 0.0046160221099853516
Info 103  [01:31:24.563] getCompletionData: Semantic work: 2.3954449892044067
Info 104  [01:31:30.240] Starting updateGraphWorker: Project: /home/marcos/workspace/Gauss/gaussjs/jsconfig.json
Info 105  [01:31:30.247] Finishing updateGraphWorker: Project: /home/marcos/workspace/Gauss/gaussjs/jsconfig.json Version: 13 structureChanged: false structureIsReused:: Completely Elapsed: 7.210529029369354ms
Info 106  [01:31:30.247] Different program with same set of files
Info 107  [01:31:30.543] Starting updateGraphWorker: Project: /home/marcos/workspace/Gauss/gaussjs/jsconfig.json
Info 108  [01:31:30.551] Finishing updateGraphWorker: Project: /home/marcos/workspace/Gauss/gaussjs/jsconfig.json Version: 14 structureChanged: false structureIsReused:: Completely Elapsed: 7.694736003875732ms
Info 109  [01:31:30.551] Different program with same set of files
Info 110  [01:31:30.552] getCompletionData: Get current token: 0.024124979972839355
Info 111  [01:31:30.552] getCompletionData: Is inside comment: 0.007861018180847168
Info 112  [01:31:30.552] getCompletionData: Get previous token: 0.058807969093322754
Info 113  [01:31:30.552] getCompletionsAtPosition: isCompletionListBlocker: 0.007366955280303955
Info 114  [01:31:30.556] getExportInfoMap: cache hit
Info 115  [01:31:30.562] collectAutoImports: resolved 0 module specifiers, plus 0 ambient and 1 from cache
Info 116  [01:31:30.562] collectAutoImports: response is complete
Info 117  [01:31:30.562] collectAutoImports: 6.112562000751495
Info 118  [01:31:30.562] getCompletionData: Semantic work: 10.164970993995667
Info 119  [01:31:30.580] getCompletionsAtPosition: getCompletionEntriesFromSymbols: 17.125697016716003
Info 120  [01:31:31.141] getCompletionData: Get current token: 0.02370399236679077
Info 121  [01:31:31.141] getCompletionData: Is inside comment: 0.0064239501953125
Info 122  [01:31:31.141] getCompletionData: Get previous token: 0.08354604244232178
Info 123  [01:31:31.142] getCompletionsAtPosition: isCompletionListBlocker: 0.004903018474578857
Info 124  [01:31:31.145] getCompletionData: Semantic work: 3.0588679909706116
Info 125  [01:31:33.469] Format host information updated
Info 126  [01:31:34.643] Starting updateGraphWorker: Project: /home/marcos/workspace/Gauss/gaussjs/jsconfig.json
Info 127  [01:31:34.662] Finishing updateGraphWorker: Project: /home/marcos/workspace/Gauss/gaussjs/jsconfig.json Version: 15 structureChanged: false structureIsReused:: Completely Elapsed: 19.05738002061844ms
Info 128  [01:31:34.663] Different program with same set of files
Info 129  [01:31:35.667] DirectoryWatcher:: Triggered with /home/marcos/workspace/Gauss/gaussjs/.#gauss.js :: WatchInfo: /home/marcos/workspace/Gauss/gaussjs 0 undefined Project: /home/marcos/workspace/Gauss/gaussjs/jsconfig.json WatchType: Failed Lookup Locations
Info 130  [01:31:35.667] Elapsed:: 0.45004695653915405ms DirectoryWatcher:: Triggered with /home/marcos/workspace/Gauss/gaussjs/.#gauss.js :: WatchInfo: /home/marcos/workspace/Gauss/gaussjs 0 undefined Project: /home/marcos/workspace/Gauss/gaussjs/jsconfig.json WatchType: Failed Lookup Locations
Info 131  [01:31:35.667] DirectoryWatcher:: Triggered with /home/marcos/workspace/Gauss/gaussjs/.#gauss.js :: WatchInfo: /home/marcos/workspace/Gauss/gaussjs 0 undefined Project: /dev/null/autoImportProviderProject1* WatchType: Failed Lookup Locations
Info 132  [01:31:35.667] Elapsed:: 0.013697981834411621ms DirectoryWatcher:: Triggered with /home/marcos/workspace/Gauss/gaussjs/.#gauss.js :: WatchInfo: /home/marcos/workspace/Gauss/gaussjs 0 undefined Project: /dev/null/autoImportProviderProject1* WatchType: Failed Lookup Locations
Info 133  [01:34:09.057] Format host information updated
Info 134  [01:34:10.298] Starting updateGraphWorker: Project: /home/marcos/workspace/Gauss/gaussjs/jsconfig.json
Info 135  [01:34:10.318] Finishing updateGraphWorker: Project: /home/marcos/workspace/Gauss/gaussjs/jsconfig.json Version: 16 structureChanged: false structureIsReused:: Completely Elapsed: 19.561578035354614ms
Info 136  [01:34:10.318] Different program with same set of files
Info 137  [01:34:52.897] DirectoryWatcher:: Triggered with /home/marcos/workspace/Gauss/gaussjs/.#gauss.js :: WatchInfo: /home/marcos/workspace/Gauss/gaussjs 0 undefined Project: /home/marcos/workspace/Gauss/gaussjs/jsconfig.json WatchType: Failed Lookup Locations
Info 138  [01:34:52.897] Elapsed:: 0.06768995523452759ms DirectoryWatcher:: Triggered with /home/marcos/workspace/Gauss/gaussjs/.#gauss.js :: WatchInfo: /home/marcos/workspace/Gauss/gaussjs 0 undefined Project: /home/marcos/workspace/Gauss/gaussjs/jsconfig.json WatchType: Failed Lookup Locations
Info 139  [01:34:52.897] DirectoryWatcher:: Triggered with /home/marcos/workspace/Gauss/gaussjs/.#gauss.js :: WatchInfo: /home/marcos/workspace/Gauss/gaussjs 0 undefined Project: /dev/null/autoImportProviderProject1* WatchType: Failed Lookup Locations
Info 140  [01:34:52.897] Elapsed:: 0.009730994701385498ms DirectoryWatcher:: Triggered with /home/marcos/workspace/Gauss/gaussjs/.#gauss.js :: WatchInfo: /home/marcos/workspace/Gauss/gaussjs 0 undefined Project: /dev/null/autoImportProviderProject1* WatchType: Failed Lookup Locations
Info 141  [01:34:53.364] Starting updateGraphWorker: Project: /home/marcos/workspace/Gauss/gaussjs/jsconfig.json
Info 142  [01:34:53.384] Finishing updateGraphWorker: Project: /home/marcos/workspace/Gauss/gaussjs/jsconfig.json Version: 17 structureChanged: false structureIsReused:: Completely Elapsed: 20.323230028152466ms
Info 143  [01:34:53.384] Different program with same set of files
Info 144  [01:34:55.613] Starting updateGraphWorker: Project: /home/marcos/workspace/Gauss/gaussjs/jsconfig.json
Info 145  [01:34:55.624] Finishing updateGraphWorker: Project: /home/marcos/workspace/Gauss/gaussjs/jsconfig.json Version: 18 structureChanged: false structureIsReused:: Completely Elapsed: 11.24099600315094ms
Info 146  [01:34:55.624] Different program with same set of files
Info 147  [01:34:55.625] getCompletionData: Get current token: 0.018752992153167725
Info 148  [01:34:55.625] getCompletionData: Is inside comment: 0.015000998973846436
Info 149  [01:34:55.625] getCompletionData: Get previous token: 0.12204700708389282
Info 150  [01:34:55.625] getCompletionsAtPosition: isCompletionListBlocker: 0.012112021446228027
Info 151  [01:34:55.631] getCompletionData: Semantic work: 5.230732977390289
Info 152  [01:34:55.646] getCompletionsAtPosition: getCompletionEntriesFromSymbols: 15.00987195968628
Info 153  [01:34:56.206] getCompletionData: Get current token: 0.03756701946258545
Info 154  [01:34:56.206] getCompletionData: Is inside comment: 0.012614965438842773
Info 155  [01:34:56.206] getCompletionData: Get previous token: 0.15636199712753296
Info 156  [01:34:56.206] getCompletionsAtPosition: isCompletionListBlocker: 0.008244991302490234
Info 157  [01:34:56.219] getCompletionData: Semantic work: 12.915382027626038
Info 158  [01:34:56.329] Starting updateGraphWorker: Project: /home/marcos/workspace/Gauss/gaussjs/jsconfig.json
Info 159  [01:34:56.334] Finishing updateGraphWorker: Project: /home/marcos/workspace/Gauss/gaussjs/jsconfig.json Version: 19 structureChanged: false structureIsReused:: Completely Elapsed: 4.780639052391052ms
Info 160  [01:34:56.334] Different program with same set of files
Info 161  [01:34:56.335] getCompletionData: Get current token: 0.009133994579315186
Info 162  [01:34:56.335] getCompletionData: Is inside comment: 0.0026450157165527344
Info 163  [01:34:56.335] getCompletionData: Get previous token: 0.06107300519943237
Info 164  [01:34:56.335] getCompletionsAtPosition: isCompletionListBlocker: 0.004422962665557861
Info 165  [01:34:56.339] getCompletionData: Semantic work: 4.1836220026016235
Info 166  [01:34:56.352] getCompletionsAtPosition: getCompletionEntriesFromSymbols: 12.835093975067139
Info 167  [01:34:56.399] Starting updateGraphWorker: Project: /home/marcos/workspace/Gauss/gaussjs/jsconfig.json
Info 168  [01:34:56.403] Finishing updateGraphWorker: Project: /home/marcos/workspace/Gauss/gaussjs/jsconfig.json Version: 20 structureChanged: false structureIsReused:: Completely Elapsed: 4.789910018444061ms
Info 169  [01:34:56.403] Different program with same set of files
Info 170  [01:34:56.404] getCompletionData: Get current token: 0.0046430230140686035
Info 171  [01:34:56.404] getCompletionData: Is inside comment: 0.001971006393432617
Info 172  [01:34:56.404] getCompletionData: Get previous token: 0.030122041702270508
Info 173  [01:34:56.404] getCompletionsAtPosition: isCompletionListBlocker: 0.04817098379135132
Info 174  [01:34:56.407] getCompletionData: Semantic work: 3.300828993320465
Info 175  [01:34:56.417] getCompletionsAtPosition: getCompletionEntriesFromSymbols: 9.033623993396759
Info 176  [01:34:56.641] Starting updateGraphWorker: Project: /home/marcos/workspace/Gauss/gaussjs/jsconfig.json
Info 177  [01:34:56.648] Finishing updateGraphWorker: Project: /home/marcos/workspace/Gauss/gaussjs/jsconfig.json Version: 21 structureChanged: false structureIsReused:: Completely Elapsed: 7.496551990509033ms
Info 178  [01:34:56.648] Different program with same set of files
Info 179  [01:34:56.649] getCompletionData: Get current token: 0.004871010780334473
Info 180  [01:34:56.649] getCompletionData: Is inside comment: 0.0017809867858886719
Info 181  [01:34:56.649] getCompletionData: Get previous token: 0.029792964458465576
Info 182  [01:34:56.649] getCompletionsAtPosition: isCompletionListBlocker: 0.0042040348052978516
Info 183  [01:34:56.652] getCompletionData: Semantic work: 3.121541976928711
Info 184  [01:34:56.661] getCompletionsAtPosition: getCompletionEntriesFromSymbols: 8.815979957580566
Info 185  [01:34:57.043] Starting updateGraphWorker: Project: /home/marcos/workspace/Gauss/gaussjs/jsconfig.json
Info 186  [01:34:57.048] Finishing updateGraphWorker: Project: /home/marcos/workspace/Gauss/gaussjs/jsconfig.json Version: 22 structureChanged: false structureIsReused:: Completely Elapsed: 4.9300050139427185ms
Info 187  [01:34:57.048] Different program with same set of files
Info 188  [01:34:57.048] getCompletionData: Get current token: 0.004624009132385254
Info 189  [01:34:57.048] getCompletionData: Is inside comment: 0.0015929937362670898
Info 190  [01:34:57.048] getCompletionData: Get previous token: 0.0289270281791687
Info 191  [01:34:57.048] getCompletionsAtPosition: isCompletionListBlocker: 0.0034540295600891113
Info 192  [01:34:57.051] getCompletionData: Semantic work: 2.4463770389556885
Info 193  [01:34:57.059] getCompletionsAtPosition: getCompletionEntriesFromSymbols: 8.293199002742767
Info 194  [01:34:57.258] Starting updateGraphWorker: Project: /home/marcos/workspace/Gauss/gaussjs/jsconfig.json
Info 195  [01:34:57.267] Finishing updateGraphWorker: Project: /home/marcos/workspace/Gauss/gaussjs/jsconfig.json Version: 23 structureChanged: false structureIsReused:: Completely Elapsed: 8.746757984161377ms
Info 196  [01:34:57.267] Different program with same set of files
Info 197  [01:34:58.270] Starting updateGraphWorker: Project: /home/marcos/workspace/Gauss/gaussjs/jsconfig.json
Info 198  [01:34:58.285] Finishing updateGraphWorker: Project: /home/marcos/workspace/Gauss/gaussjs/jsconfig.json Version: 24 structureChanged: false structureIsReused:: Completely Elapsed: 15.16056501865387ms
Info 199  [01:34:58.285] Different program with same set of files
Info 200  [01:34:58.636] getCompletionData: Get current token: 0.010636985301971436
Info 201  [01:34:58.636] getCompletionData: Is inside comment: 0.008247017860412598
Info 202  [01:34:58.636] getCompletionData: Get previous token: 0.031211018562316895
Info 203  [01:34:58.636] getCompletionsAtPosition: isCompletionListBlocker: 0.004693031311035156
Info 204  [01:34:58.638] getCompletionData: Semantic work: 2.7276309728622437
Info 205  [01:35:00.179] Starting updateGraphWorker: Project: /home/marcos/workspace/Gauss/gaussjs/jsconfig.json
Info 206  [01:35:00.219] Finishing updateGraphWorker: Project: /home/marcos/workspace/Gauss/gaussjs/jsconfig.json Version: 25 structureChanged: false structureIsReused:: Completely Elapsed: 39.69971299171448ms
Info 207  [01:35:00.219] Different program with same set of files
Info 208  [01:35:00.383] Starting updateGraphWorker: Project: /home/marcos/workspace/Gauss/gaussjs/jsconfig.json
Info 209  [01:35:00.388] Finishing updateGraphWorker: Project: /home/marcos/workspace/Gauss/gaussjs/jsconfig.json Version: 26 structureChanged: false structureIsReused:: Completely Elapsed: 4.80790501832962ms
Info 210  [01:35:00.388] Different program with same set of files
Info 211  [01:35:00.388] getCompletionData: Get current token: 0.005111992359161377
Info 212  [01:35:00.388] getCompletionData: Is inside comment: 0.001797020435333252
Info 213  [01:35:00.389] getCompletionData: Get previous token: 0.03048098087310791
Info 214  [01:35:00.389] getCompletionsAtPosition: isCompletionListBlocker: 0.004004001617431641
Info 215  [01:35:00.394] getCompletionData: Semantic work: 5.513471007347107
Info 216  [01:35:00.400] getCompletionsAtPosition: getCompletionEntriesFromSymbols: 5.558490991592407
Info 217  [01:35:01.202] Starting updateGraphWorker: Project: /home/marcos/workspace/Gauss/gaussjs/jsconfig.json
Info 218  [01:35:01.217] Finishing updateGraphWorker: Project: /home/marcos/workspace/Gauss/gaussjs/jsconfig.json Version: 27 structureChanged: false structureIsReused:: Completely Elapsed: 15.02378898859024ms
Info 219  [01:35:01.217] Different program with same set of files
Info 220  [01:35:01.490] Starting updateGraphWorker: Project: /home/marcos/workspace/Gauss/gaussjs/jsconfig.json
Info 221  [01:35:01.503] Finishing updateGraphWorker: Project: /home/marcos/workspace/Gauss/gaussjs/jsconfig.json Version: 28 structureChanged: false structureIsReused:: Completely Elapsed: 13.444989025592804ms
Info 222  [01:35:01.503] Different program with same set of files
Info 223  [01:35:01.932] Starting updateGraphWorker: Project: /home/marcos/workspace/Gauss/gaussjs/jsconfig.json
Info 224  [01:35:01.939] Finishing updateGraphWorker: Project: /home/marcos/workspace/Gauss/gaussjs/jsconfig.json Version: 29 structureChanged: false structureIsReused:: Completely Elapsed: 6.98759001493454ms
Info 225  [01:35:01.939] Different program with same set of files
Info 226  [01:35:02.923] Starting updateGraphWorker: Project: /home/marcos/workspace/Gauss/gaussjs/jsconfig.json
Info 227  [01:35:02.937] Finishing updateGraphWorker: Project: /home/marcos/workspace/Gauss/gaussjs/jsconfig.json Version: 30 structureChanged: false structureIsReused:: Completely Elapsed: 13.883343994617462ms
Info 228  [01:35:02.937] Different program with same set of files
Info 229  [01:35:03.294] Starting updateGraphWorker: Project: /home/marcos/workspace/Gauss/gaussjs/jsconfig.json
Info 230  [01:35:03.309] Finishing updateGraphWorker: Project: /home/marcos/workspace/Gauss/gaussjs/jsconfig.json Version: 31 structureChanged: false structureIsReused:: Completely Elapsed: 14.781763970851898ms
Info 231  [01:35:03.309] Different program with same set of files
Info 232  [01:35:03.311] Starting updateGraphWorker: Project: /home/marcos/workspace/Gauss/gaussjs/jsconfig.json
Info 233  [01:35:03.325] Finishing updateGraphWorker: Project: /home/marcos/workspace/Gauss/gaussjs/jsconfig.json Version: 32 structureChanged: false structureIsReused:: Completely Elapsed: 14.29281896352768ms
Info 234  [01:35:03.326] Different program with same set of files
Info 235  [01:35:03.818] Starting updateGraphWorker: Project: /home/marcos/workspace/Gauss/gaussjs/jsconfig.json
Info 236  [01:35:03.823] Finishing updateGraphWorker: Project: /home/marcos/workspace/Gauss/gaussjs/jsconfig.json Version: 33 structureChanged: false structureIsReused:: Completely Elapsed: 5.283659994602203ms
Info 237  [01:35:03.823] Different program with same set of files
Info 238  [01:35:06.102] DirectoryWatcher:: Triggered with /home/marcos/workspace/Gauss/gaussjs/.#gauss.js :: WatchInfo: /home/marcos/workspace/Gauss/gaussjs 0 undefined Project: /home/marcos/workspace/Gauss/gaussjs/jsconfig.json WatchType: Failed Lookup Locations
Info 239  [01:35:06.102] Elapsed:: 0.07122397422790527ms DirectoryWatcher:: Triggered with /home/marcos/workspace/Gauss/gaussjs/.#gauss.js :: WatchInfo: /home/marcos/workspace/Gauss/gaussjs 0 undefined Project: /home/marcos/workspace/Gauss/gaussjs/jsconfig.json WatchType: Failed Lookup Locations
Info 240  [01:35:06.102] DirectoryWatcher:: Triggered with /home/marcos/workspace/Gauss/gaussjs/.#gauss.js :: WatchInfo: /home/marcos/workspace/Gauss/gaussjs 0 undefined Project: /dev/null/autoImportProviderProject1* WatchType: Failed Lookup Locations
Info 241  [01:35:06.102] Elapsed:: 0.014660000801086426ms DirectoryWatcher:: Triggered with /home/marcos/workspace/Gauss/gaussjs/.#gauss.js :: WatchInfo: /home/marcos/workspace/Gauss/gaussjs 0 undefined Project: /dev/null/autoImportProviderProject1* WatchType: Failed Lookup Locations
Info 242  [01:35:42.482] DirectoryWatcher:: Triggered with /home/marcos/workspace/Gauss/gaussjs/.#gauss.js :: WatchInfo: /home/marcos/workspace/Gauss/gaussjs 0 undefined Project: /home/marcos/workspace/Gauss/gaussjs/jsconfig.json WatchType: Failed Lookup Locations
Info 243  [01:35:42.482] Elapsed:: 0.09864300489425659ms DirectoryWatcher:: Triggered with /home/marcos/workspace/Gauss/gaussjs/.#gauss.js :: WatchInfo: /home/marcos/workspace/Gauss/gaussjs 0 undefined Project: /home/marcos/workspace/Gauss/gaussjs/jsconfig.json WatchType: Failed Lookup Locations
Info 244  [01:35:42.482] DirectoryWatcher:: Triggered with /home/marcos/workspace/Gauss/gaussjs/.#gauss.js :: WatchInfo: /home/marcos/workspace/Gauss/gaussjs 0 undefined Project: /dev/null/autoImportProviderProject1* WatchType: Failed Lookup Locations
Info 245  [01:35:42.482] Elapsed:: 0.009966015815734863ms DirectoryWatcher:: Triggered with /home/marcos/workspace/Gauss/gaussjs/.#gauss.js :: WatchInfo: /home/marcos/workspace/Gauss/gaussjs 0 undefined Project: /dev/null/autoImportProviderProject1* WatchType: Failed Lookup Locations
Info 246  [01:35:42.697] Starting updateGraphWorker: Project: /home/marcos/workspace/Gauss/gaussjs/jsconfig.json
Info 247  [01:35:42.729] Finishing updateGraphWorker: Project: /home/marcos/workspace/Gauss/gaussjs/jsconfig.json Version: 34 structureChanged: false structureIsReused:: Completely Elapsed: 32.55608803033829ms
Info 248  [01:35:42.729] Different program with same set of files
Info 249  [01:35:49.409] DirectoryWatcher:: Triggered with /home/marcos/workspace/Gauss/gaussjs/.#gauss.js :: WatchInfo: /home/marcos/workspace/Gauss/gaussjs 0 undefined Project: /home/marcos/workspace/Gauss/gaussjs/jsconfig.json WatchType: Failed Lookup Locations
Info 250  [01:35:49.409] Elapsed:: 0.12665998935699463ms DirectoryWatcher:: Triggered with /home/marcos/workspace/Gauss/gaussjs/.#gauss.js :: WatchInfo: /home/marcos/workspace/Gauss/gaussjs 0 undefined Project: /home/marcos/workspace/Gauss/gaussjs/jsconfig.json WatchType: Failed Lookup Locations
Info 251  [01:35:49.409] DirectoryWatcher:: Triggered with /home/marcos/workspace/Gauss/gaussjs/.#gauss.js :: WatchInfo: /home/marcos/workspace/Gauss/gaussjs 0 undefined Project: /dev/null/autoImportProviderProject1* WatchType: Failed Lookup Locations
Info 252  [01:35:49.409] Elapsed:: 0.018660008907318115ms DirectoryWatcher:: Triggered with /home/marcos/workspace/Gauss/gaussjs/.#gauss.js :: WatchInfo: /home/marcos/workspace/Gauss/gaussjs 0 undefined Project: /dev/null/autoImportProviderProject1* WatchType: Failed Lookup Locations
